<?xml version="1.0" encoding="UTF-8"?>
<testng-results ignored="0" total="1" passed="1" failed="0" skipped="0">
  <reporter-output>
  </reporter-output>
  <suite started-at="2021-12-08T15:00:13 IST" name="Surefire suite" finished-at="2021-12-08T15:00:31 IST" duration-ms="18407">
    <groups>
    </groups>
    <test started-at="2021-12-08T15:00:13 IST" name="Surefire test" finished-at="2021-12-08T15:00:31 IST" duration-ms="18407">
      <class name="testng.LoginTest">
        <test-method signature="test1()[pri:0, instance:testng.LoginTest@2362f559]" started-at="2021-12-08T15:00:13 IST" name="test1" finished-at="2021-12-08T15:00:31 IST" duration-ms="18302" status="PASS">
          <reporter-output>
          </reporter-output>
        </test-method> <!-- test1 -->
      </class> <!-- testng.LoginTest -->
    </test> <!-- Surefire test -->
  </suite> <!-- Surefire suite -->
</testng-results>
