<?xml version="1.0" encoding="UTF-8"?>
<testng-results ignored="0" total="1" passed="1" failed="0" skipped="0">
  <reporter-output>
  </reporter-output>
  <suite started-at="2021-12-08T12:57:02 IST" name="Default suite" finished-at="2021-12-08T12:57:28 IST" duration-ms="26152">
    <groups>
    </groups>
    <test started-at="2021-12-08T12:57:02 IST" name="Default test" finished-at="2021-12-08T12:57:28 IST" duration-ms="26152">
      <class name="testng.LoginTest">
        <test-method signature="test1()[pri:0, instance:testng.LoginTest@56cdfb3b]" started-at="2021-12-08T12:57:02 IST" name="test1" finished-at="2021-12-08T12:57:28 IST" duration-ms="26034" status="PASS">
          <reporter-output>
          </reporter-output>
        </test-method> <!-- test1 -->
      </class> <!-- testng.LoginTest -->
    </test> <!-- Default test -->
  </suite> <!-- Default suite -->
</testng-results>
